c:\users\dse\desktop\vanity\library\engine\debug\engine.pch
c:\users\dse\desktop\vanity\library\engine\debug\vc120.pdb
c:\users\dse\desktop\vanity\library\engine\debug\vc120.idb
c:\users\dse\desktop\vanity\library\engine\debug\pch.obj
c:\users\dse\desktop\vanity\library\engine\debug\deviceresources.obj
c:\users\dse\desktop\vanity\library\engine\debug\octreehandler.obj
c:\users\dse\desktop\vanity\library\engine\debug\texture2d.obj
c:\users\dse\desktop\vanity\library\engine\debug\app.obj
c:\users\dse\desktop\vanity\library\engine\debug\octree.obj
c:\users\dse\desktop\vanity\library\engine\debug\resource factory.obj
c:\users\dse\desktop\vanity\library\engine\debug\input controller.obj
c:\users\dse\desktop\vanity\library\engine\debug\wictextureloader.obj
c:\users\dse\desktop\vanity\library\engine\debug\rendererbase3d.obj
c:\users\dse\desktop\vanity\library\engine\debug\engine main.obj
c:\users\dse\desktop\vanity\library\engine\debug\firstperson camera.obj
c:\users\dse\desktop\vanity\library\engine\debug\vertextypes.obj
c:\users\dse\desktop\vanity\library\engine\debug\samplefpstextrenderer.obj
c:\users\dse\desktop\vanity\library\engine\debug\model.obj
c:\users\dse\desktop\vanity\library\engine\debug\octreeleaf.obj
c:\users\dse\desktop\vanity\library\engine\debug\state factory.obj
c:\users\dse\desktop\vanity\library\engine\debug\ddstextureloader.obj
c:\users\dse\desktop\vanity\library\engine\debug\priconfig.xml
c:\users\dse\desktop\vanity\library\engine\debug\priconfig.xml.intermediate
c:\users\dse\desktop\vanity\library\engine\debug\layout.resfiles
c:\users\dse\desktop\vanity\library\engine\debug\layout.resfiles.intermediate
c:\users\dse\desktop\vanity\library\engine\debug\resources.resfiles
c:\users\dse\desktop\vanity\library\engine\debug\resources.resfiles.intermediate
c:\users\dse\desktop\vanity\library\engine\debug\pri.resfiles
c:\users\dse\desktop\vanity\library\engine\debug\pri.resfiles.intermediate
c:\users\dse\desktop\vanity\library\debug\engine\engine.pri
c:\users\dse\desktop\vanity\library\engine\debug\qualifiers.txt
c:\users\dse\desktop\vanity\library\engine\debug\qualifiers.txt.intermediate
c:\users\dse\desktop\vanity\library\engine\debug\multiplequalifiersperdimensionfound.txt
c:\users\dse\desktop\vanity\library\debug\engine\engine.lib
c:\users\dse\desktop\vanity\library\engine\debug\engine.tlog\cl.command.1.tlog
c:\users\dse\desktop\vanity\library\engine\debug\engine.tlog\cl.read.1.tlog
c:\users\dse\desktop\vanity\library\engine\debug\engine.tlog\cl.write.1.tlog
c:\users\dse\desktop\vanity\library\engine\debug\engine.tlog\engine.read.1u.tlog
c:\users\dse\desktop\vanity\library\engine\debug\engine.tlog\engine.write.1u.tlog
c:\users\dse\desktop\vanity\library\engine\debug\engine.tlog\lib-link.read.1.tlog
c:\users\dse\desktop\vanity\library\engine\debug\engine.tlog\lib-link.write.1.tlog
c:\users\dse\desktop\vanity\library\engine\debug\engine.tlog\lib.command.1.tlog
