c:\users\dse\desktop\vanity\library\engine\release\engine.pch
c:\users\dse\desktop\vanity\library\engine\release\vc120.pdb
c:\users\dse\desktop\vanity\library\engine\release\pch.obj
c:\users\dse\desktop\vanity\library\engine\release\rendererbase3d.obj
c:\users\dse\desktop\vanity\library\engine\release\engine main.obj
c:\users\dse\desktop\vanity\library\engine\release\input controller.obj
c:\users\dse\desktop\vanity\library\engine\release\wictextureloader.obj
c:\users\dse\desktop\vanity\library\engine\release\app.obj
c:\users\dse\desktop\vanity\library\engine\release\model.obj
c:\users\dse\desktop\vanity\library\engine\release\octreeleaf.obj
c:\users\dse\desktop\vanity\library\engine\release\state factory.obj
c:\users\dse\desktop\vanity\library\engine\release\ddstextureloader.obj
c:\users\dse\desktop\vanity\library\engine\release\deviceresources.obj
c:\users\dse\desktop\vanity\library\engine\release\octreehandler.obj
c:\users\dse\desktop\vanity\library\engine\release\texture2d.obj
c:\users\dse\desktop\vanity\library\engine\release\samplefpstextrenderer.obj
c:\users\dse\desktop\vanity\library\engine\release\octree.obj
c:\users\dse\desktop\vanity\library\engine\release\resource factory.obj
c:\users\dse\desktop\vanity\library\engine\release\firstperson camera.obj
c:\users\dse\desktop\vanity\library\engine\release\vertextypes.obj
c:\users\dse\desktop\vanity\library\engine\release\priconfig.xml
c:\users\dse\desktop\vanity\library\engine\release\priconfig.xml.intermediate
c:\users\dse\desktop\vanity\library\engine\release\layout.resfiles
c:\users\dse\desktop\vanity\library\engine\release\layout.resfiles.intermediate
c:\users\dse\desktop\vanity\library\engine\release\resources.resfiles
c:\users\dse\desktop\vanity\library\engine\release\resources.resfiles.intermediate
c:\users\dse\desktop\vanity\library\engine\release\pri.resfiles
c:\users\dse\desktop\vanity\library\engine\release\pri.resfiles.intermediate
c:\users\dse\desktop\vanity\library\release\engine\engine.pri
c:\users\dse\desktop\vanity\library\engine\release\qualifiers.txt
c:\users\dse\desktop\vanity\library\engine\release\qualifiers.txt.intermediate
c:\users\dse\desktop\vanity\library\engine\release\multiplequalifiersperdimensionfound.txt
c:\users\dse\desktop\vanity\library\release\engine\engine.lib
c:\users\dse\desktop\vanity\library\engine\release\engine.tlog\cl.command.1.tlog
c:\users\dse\desktop\vanity\library\engine\release\engine.tlog\cl.read.1.tlog
c:\users\dse\desktop\vanity\library\engine\release\engine.tlog\cl.write.1.tlog
c:\users\dse\desktop\vanity\library\engine\release\engine.tlog\engine.read.1u.tlog
c:\users\dse\desktop\vanity\library\engine\release\engine.tlog\engine.write.1u.tlog
c:\users\dse\desktop\vanity\library\engine\release\engine.tlog\lib-link.read.1.tlog
c:\users\dse\desktop\vanity\library\engine\release\engine.tlog\lib-link.write.1.tlog
c:\users\dse\desktop\vanity\library\engine\release\engine.tlog\lib.command.1.tlog
